
√ Connected to GitHub

A session for this runner already exists.
2024-03-08 11:09:19Z: Runner connect error: The actions runner bao already has an active session for owner bao.. Retrying until reconnected.

√ Connected to GitHub

A session for this runner already exists.

√ Connected to GitHub

2024-03-08 11:10:22Z: Runner reconnected.
Current runner version: '2.314.1'
2024-03-08 11:10:22Z: Listening for Jobs
2024-03-08 13:05:41Z: Running job: build
2024-03-08 13:16:01Z: Job build completed with result: Succeeded
2024-03-08 16:49:16Z: Runner connect error: The HTTP request timed out after 00:01:00.. Retrying until reconnected.
2024-03-08 16:50:33Z: Runner reconnected.
2024-03-08 16:59:54Z: Runner connect error: The HTTP request timed out after 00:01:00.. Retrying until reconnected.
2024-03-08 17:01:14Z: Runner reconnected.
2024-03-09 09:46:24Z: Running job: build
2024-03-09 09:47:06Z: Job build completed with result: Failed
2024-03-09 09:49:35Z: Running job: build
2024-03-09 09:51:03Z: Job build completed with result: Failed
2024-03-09 09:52:28Z: Running job: build
2024-03-09 10:01:15Z: Job build completed with result: Failed
2024-03-09 10:15:13Z: Running job: build
2024-03-09 10:16:46Z: Job build completed with result: Failed
2024-03-09 14:51:21Z: Running job: build
2024-03-09 15:05:56Z: Job build completed with result: Failed
2024-03-09 15:40:29Z: Running job: build
2024-03-09 15:56:07Z: Job build completed with result: Failed
2024-03-10 23:28:57Z: Running job: build
2024-03-10 23:32:57Z: Job build completed with result: Failed
2024-03-10 23:37:52Z: Running job: build
2024-03-10 23:41:41Z: Job build completed with result: Failed
2024-03-12 07:33:23Z: Runner connect error: The HTTP request timed out after 00:01:00.. Retrying until reconnected.
2024-03-12 07:34:33Z: Runner reconnected.
2024-03-12 07:38:03Z: Runner connect error: The HTTP request timed out after 00:01:00.. Retrying until reconnected.
2024-03-12 07:39:11Z: Runner reconnected.
2024-03-12 07:58:34Z: Runner connect error: The HTTP request timed out after 00:01:00.. Retrying until reconnected.
2024-03-12 07:59:46Z: Runner reconnected.
2024-03-12 20:34:23Z: Runner connect error: The HTTP request timed out after 00:01:00.. Retrying until reconnected.
2024-03-12 20:35:42Z: Runner reconnected.
2024-03-12 20:38:22Z: Runner connect error: The HTTP request timed out after 00:01:00.. Retrying until reconnected.
2024-03-12 20:39:43Z: Runner reconnected.
2024-03-12 20:47:24Z: Runner connect error: The HTTP request timed out after 00:01:00.. Retrying until reconnected.
2024-03-12 20:48:43Z: Runner reconnected.
2024-03-14 02:15:46Z: Running job: build
2024-03-14 02:26:31Z: Job build completed with result: Succeeded
2024-03-14 03:08:59Z: Running job: build
2024-03-14 03:22:38Z: Job build completed with result: Succeeded
2024-03-14 03:54:19Z: Running job: build
2024-03-14 04:09:31Z: Runner connect error: The HTTP request timed out after 00:01:00.. Retrying until reconnected.
2024-03-14 04:10:47Z: Runner reconnected.
2024-03-14 04:27:06Z: Job build completed with result: Succeeded
2024-03-14 04:31:51Z: Running job: build
2024-03-14 05:02:16Z: Job build completed with result: Succeeded
2024-03-14 16:10:28Z: Running job: build
2024-03-14 16:31:36Z: Job build completed with result: Succeeded
2024-03-14 20:35:59Z: Running job: build
2024-03-14 20:43:45Z: Runner connect error: The HTTP request timed out after 00:01:00.. Retrying until reconnected.
2024-03-14 20:45:04Z: Runner reconnected.
2024-03-14 20:49:33Z: Job build completed with result: Succeeded
2024-03-14 23:17:59Z: Running job: build
2024-03-14 23:19:12Z: Job build completed with result: Canceled
2024-03-14 23:19:57Z: Running job: build
2024-03-14 23:28:00Z: Job build completed with result: Failed
2024-03-15 01:28:32Z: Running job: build
2024-03-15 01:38:18Z: Job build completed with result: Succeeded
2024-03-15 01:39:13Z: Running job: build
2024-03-15 01:51:27Z: Job build completed with result: Succeeded
2024-03-15 02:06:20Z: Running job: build
2024-03-15 02:06:40Z: Job build completed with result: Failed
2024-03-15 02:08:02Z: Running job: build
2024-03-15 02:18:09Z: Job build completed with result: Succeeded
2024-03-15 02:18:33Z: Running job: build
2024-03-15 02:26:27Z: Job build completed with result: Canceled
2024-03-15 02:30:56Z: Running job: build
2024-03-15 02:55:36Z: Job build completed with result: Succeeded
2024-03-15 03:16:05Z: Running job: build
2024-03-15 03:19:59Z: Job build completed with result: Succeeded
2024-03-15 03:31:45Z: Running job: build
2024-03-15 03:51:07Z: Job build completed with result: Failed
2024-03-15 04:04:14Z: Running job: build
2024-03-15 04:08:17Z: Job build completed with result: Succeeded
2024-03-15 21:09:44Z: Runner connect error: The HTTP request timed out after 00:01:00.. Retrying until reconnected.
2024-03-15 21:11:00Z: Runner reconnected.
2024-03-15 23:28:51Z: Running job: build
2024-03-16 00:05:56Z: Job build completed with result: Failed
2024-03-16 00:44:54Z: Running job: build
Unhandled exception. System.IO.IOException: No space left on device : '/home/heurly/Heurly-OPS/actions-runner/_diag/Runner_20240308-110916-utc.log'
   at System.IO.RandomAccess.WriteAtOffset(SafeFileHandle handle, ReadOnlySpan`1 buffer, Int64 fileOffset)
   at System.IO.Strategies.BufferedFileStreamStrategy.FlushWrite()
   at System.IO.StreamWriter.Flush(Boolean flushStream, Boolean flushEncoder)
   at System.Diagnostics.TextWriterTraceListener.Flush()
   at GitHub.Runner.Common.HostTraceListener.WriteHeader(String source, TraceEventType eventType, Int32 id)
   at GitHub.Runner.Common.HostTraceListener.TraceEvent(TraceEventCache eventCache, String source, TraceEventType eventType, Int32 id, String message)
   at System.Diagnostics.TraceSource.TraceEvent(TraceEventType eventType, Int32 id, String message)
   at GitHub.Runner.Common.Tracing.Error(String message)
   at GitHub.Runner.Common.Terminal.WriteError(String line)
   at GitHub.Runner.Listener.Program.MainAsync(IHostContext context, String[] args)
   at GitHub.Runner.Listener.Program.Main(String[] args)
/home/heurly/Heurly-OPS/actions-runner/run-helper.sh: line 36: 14502 Aborted                 "$DIR"/bin/Runner.Listener run $*
Exiting with unknown error code: 134
Exiting runner...
